[debug] [2023-03-05T19:36:23.523Z] ----------------------------------------------------------------------
[debug] [2023-03-05T19:36:23.525Z] Command:       C:\Program Files\nodejs\node.exe C:\Users\HP\node_modules\firebase-tools\lib\bin\firebase.js init
[debug] [2023-03-05T19:36:23.526Z] CLI Version:   11.24.0
[debug] [2023-03-05T19:36:23.526Z] Platform:      win32
[debug] [2023-03-05T19:36:23.526Z] Node Version:  v18.14.2
[debug] [2023-03-05T19:36:23.527Z] Time:          Mon Mar 06 2023 01:06:23 GMT+0530 (India Standard Time)
[debug] [2023-03-05T19:36:23.528Z] ----------------------------------------------------------------------
[debug] 
[debug] [2023-03-05T19:36:23.609Z] > command requires scopes: ["email","openid","https://www.googleapis.com/auth/cloudplatformprojects.readonly","https://www.googleapis.com/auth/firebase","https://www.googleapis.com/auth/cloud-platform"]
[debug] [2023-03-05T19:36:23.610Z] > authorizing via signed-in user (nithyashreehv1@gmail.com)
[info] 
     ######## #### ########  ######## ########     ###     ######  ########
     ##        ##  ##     ## ##       ##     ##  ##   ##  ##       ##
     ######    ##  ########  ######   ########  #########  ######  ######
     ##        ##  ##    ##  ##       ##     ## ##     ##       ## ##
     ##       #### ##     ## ######## ########  ##     ##  ######  ########

You're about to initialize a Firebase project in this directory:

  G:\create_fb_playerpanel

Before we get started, keep in mind:

  * You are initializing within an existing Firebase project directory

[info] 
=== Project Setup
[info] 
[info] First, let's associate this project directory with a Firebase project.
[info] You can create multiple project aliases by running firebase use --add, 
[info] but for now we'll just set up a default project.
[info] 
[debug] [2023-03-05T19:36:41.702Z] Using project from CLI flag: reactplayerpanel
[debug] [2023-03-05T19:36:41.705Z] > refreshing access token with scopes: []
[debug] [2023-03-05T19:36:41.709Z] >>> [apiv2][query] POST https://www.googleapis.com/oauth2/v3/token [none]
[debug] [2023-03-05T19:36:41.709Z] >>> [apiv2][body] POST https://www.googleapis.com/oauth2/v3/token [omitted]
[debug] [2023-03-05T19:36:42.375Z] <<< [apiv2][status] POST https://www.googleapis.com/oauth2/v3/token 200
[debug] [2023-03-05T19:36:42.375Z] <<< [apiv2][body] POST https://www.googleapis.com/oauth2/v3/token [omitted]
[debug] [2023-03-05T19:36:42.465Z] >>> [apiv2][query] GET https://firebase.googleapis.com/v1beta1/projects/reactplayerpanel [none]
[debug] [2023-03-05T19:36:43.297Z] <<< [apiv2][status] GET https://firebase.googleapis.com/v1beta1/projects/reactplayerpanel 403
[debug] [2023-03-05T19:36:43.298Z] <<< [apiv2][body] GET https://firebase.googleapis.com/v1beta1/projects/reactplayerpanel {"error":{"code":403,"message":"The caller does not have permission","status":"PERMISSION_DENIED"}}
[debug] [2023-03-05T19:36:43.301Z] HTTP Error: 403, The caller does not have permission
[debug] [2023-03-05T19:36:43.308Z] FirebaseError: HTTP Error: 403, The caller does not have permission
    at responseToError (C:\Users\HP\node_modules\firebase-tools\lib\responseToError.js:49:12)
    at RetryOperation._fn (C:\Users\HP\node_modules\firebase-tools\lib\apiv2.js:288:77)
    at process.processTicksAndRejections (node:internal/process/task_queues:95:5)
[error] 
[error] Error: Failed to get Firebase project reactplayerpanel. Please make sure the project exists and your account has permission to access it.
